<?xml version="1.0" encoding="UTF-8"?>
<!-- Generated by org.testng.reporters.JUnitReportReporter -->
<testsuite hostname="ChetankumarsMBP.lan" name="LST.Lst.LandingPageTest" tests="3" failures="0" timestamp="20 Sep 2019 20:55:20 GMT" time="8.041" errors="0">
  <testcase name="clickOnLogin" time="1.091" classname="LST.Lst.LandingPageTest"/>
  <testcase name="verifyHeadNavForAllPages" time="1.149" classname="LST.Lst.LandingPageTest"/>
  <testcase name="verifyLandingPageAttributes" time="5.801" classname="LST.Lst.LandingPageTest"/>
</testsuite> <!-- LST.Lst.LandingPageTest -->
