<?xml version="1.0" encoding="UTF-8"?>
<!-- Generated by org.testng.reporters.JUnitReportReporter -->
<testsuite hostname="ChetankumarsMBP.lan" name="LST.Lst.CommonTestForAllPages" tests="2" failures="0" timestamp="20 Sep 2019 19:52:02 GMT" time="0.450" errors="0">
  <testcase name="verifyHeadNavAndPageLoadForSignUpPages" time="0.192" classname="LST.Lst.CommonTestForAllPages"/>
  <testcase name="verifyHeadNavAndPageLoadForLoginPages" time="0.258" classname="LST.Lst.CommonTestForAllPages"/>
</testsuite> <!-- LST.Lst.CommonTestForAllPages -->
