<?xml version="1.0" encoding="UTF-8"?>
<!-- Generated by org.testng.reporters.JUnitReportReporter -->
<testsuite hostname="ChetankumarsMBP.lan" name="LST.Lst.SignUpTest" tests="2" failures="0" timestamp="20 Sep 2019 20:55:20 GMT" time="23.136" errors="0">
  <testcase name="checkSignupAttributes" time="0.266" classname="LST.Lst.SignUpTest"/>
  <testcase name="checkSignupA" time="22.870" classname="LST.Lst.SignUpTest"/>
</testsuite> <!-- LST.Lst.SignUpTest -->
